<?xml version="1.0" encoding="UTF-8"?>
<!-- Generated by org.testng.reporters.JUnitReportReporter -->
<testsuite hostname="shellys-MacBook-Air.local" failures="0" tests="4" name="api.testcases.UserTest2" time="12.615" errors="0" timestamp="2023-11-22T16:35:01 IST" skipped="0">
  <testcase classname="api.testcases.UserTest2" name="testCreateUser" time="4.741"/>
  <testcase classname="api.testcases.UserTest2" name="testGetUser" time="1.947"/>
  <testcase classname="api.testcases.UserTest2" name="testUpdateUser" time="4.068"/>
  <testcase classname="api.testcases.UserTest2" name="testDeleteUser" time="1.859"/>
</testsuite> <!-- api.testcases.UserTest2 -->
