<?xml version="1.0" encoding="UTF-8"?>
<!-- Generated by org.testng.reporters.JUnitReportReporter -->
<testsuite hostname="shellys-MacBook-Air.local" failures="0" tests="12" name="api.testcases.UserTestDD" time="22.250" errors="0" timestamp="2023-11-21T22:02:40 IST" skipped="0">
  <testcase classname="api.testcases.UserTestDD" name="testCreateUser" time="2.045"/>
  <testcase classname="api.testcases.UserTestDD" name="testCreateUser" time="1.856"/>
  <testcase classname="api.testcases.UserTestDD" name="testCreateUser" time="1.952"/>
  <testcase classname="api.testcases.UserTestDD" name="testCreateUser" time="2.025"/>
  <testcase classname="api.testcases.UserTestDD" name="testGetUserData" time="2.047"/>
  <testcase classname="api.testcases.UserTestDD" name="testGetUserData" time="1.614"/>
  <testcase classname="api.testcases.UserTestDD" name="testGetUserData" time="1.635"/>
  <testcase classname="api.testcases.UserTestDD" name="testGetUserData" time="1.680"/>
  <testcase classname="api.testcases.UserTestDD" name="testDeleteUser" time="1.875"/>
  <testcase classname="api.testcases.UserTestDD" name="testDeleteUser" time="2.045"/>
  <testcase classname="api.testcases.UserTestDD" name="testDeleteUser" time="1.663"/>
  <testcase classname="api.testcases.UserTestDD" name="testDeleteUser" time="1.813"/>
</testsuite> <!-- api.testcases.UserTestDD -->
