<?xml version="1.0" encoding="UTF-8"?>
<!-- Generated by org.testng.reporters.JUnitReportReporter -->
<testsuite hostname="shellys-MacBook-Air.local" failures="0" tests="4" name="api.testcases.UserTest" time="11.831" errors="0" timestamp="2023-11-23T17:27:23 IST" skipped="0">
  <testcase classname="api.testcases.UserTest" name="testCreateUser" time="5.809"/>
  <testcase classname="api.testcases.UserTest" name="testGetUser" time="1.855"/>
  <testcase classname="api.testcases.UserTest" name="testUpdateUser" time="2.886"/>
  <testcase classname="api.testcases.UserTest" name="testDeleteUser" time="1.281"/>
</testsuite> <!-- api.testcases.UserTest -->
