<?xml version="1.0" encoding="UTF-8"?>
<!-- Generated by org.testng.reporters.JUnitReportReporter -->
<testsuite hostname="shellys-MacBook-Air.local" failures="0" tests="4" name="api.testcases.UserTest" time="13.736" errors="0" timestamp="2023-11-22T17:40:16 IST" skipped="0">
  <testcase classname="api.testcases.UserTest" name="testCreateUser" time="6.493"/>
  <testcase classname="api.testcases.UserTest" name="testGetUser" time="1.911"/>
  <testcase classname="api.testcases.UserTest" name="testUpdateUser" time="3.624"/>
  <testcase classname="api.testcases.UserTest" name="testDeleteUser" time="1.708"/>
</testsuite> <!-- api.testcases.UserTest -->
